mode: set
api/converters/converters.go:8.41,12.26 2 1
api/converters/converters.go:25.2,25.15 1 1
api/converters/converters.go:12.26,16.22 2 1
api/converters/converters.go:22.3,22.25 1 1
api/converters/converters.go:16.22,17.37 1 1
api/converters/converters.go:17.37,19.5 1 1
api/converters/converters.go:28.40,32.26 2 1
api/converters/converters.go:43.2,43.15 1 1
api/converters/converters.go:32.26,36.22 2 1
api/converters/converters.go:40.3,40.24 1 1
api/converters/converters.go:36.22,38.4 1 1
api/converters/converters.go:46.41,51.40 3 1
api/converters/converters.go:58.2,58.37 1 1
api/converters/converters.go:71.2,71.15 1 1
api/converters/converters.go:51.40,52.40 1 1
api/converters/converters.go:55.3,55.11 1 1
api/converters/converters.go:52.40,54.4 1 1
api/converters/converters.go:58.37,60.23 1 1
api/converters/converters.go:65.3,68.38 3 1
api/converters/converters.go:60.23,63.4 2 1
api/converters/converters.go:74.41,78.40 3 1
api/converters/converters.go:85.2,85.37 1 1
api/converters/converters.go:98.2,98.15 1 1
api/converters/converters.go:78.40,79.40 1 1
api/converters/converters.go:82.3,82.11 1 1
api/converters/converters.go:79.40,81.4 1 1
api/converters/converters.go:85.37,87.23 1 1
api/converters/converters.go:92.3,94.46 3 1
api/converters/converters.go:87.23,90.4 2 1
api/converters/converters.go:101.40,105.40 3 1
api/converters/converters.go:112.2,112.37 1 1
api/converters/converters.go:124.2,124.15 1 1
api/converters/converters.go:105.40,106.40 1 1
api/converters/converters.go:109.3,109.11 1 1
api/converters/converters.go:106.40,108.4 1 1
api/converters/converters.go:112.37,114.23 1 1
api/converters/converters.go:119.3,121.38 3 1
api/converters/converters.go:114.23,117.4 2 1
api/converters/converters.go:127.41,131.40 3 1
api/converters/converters.go:138.2,138.37 1 1
api/converters/converters.go:161.2,161.15 1 1
api/converters/converters.go:131.40,132.40 1 1
api/converters/converters.go:135.3,135.11 1 1
api/converters/converters.go:132.40,134.4 1 1
api/converters/converters.go:138.37,140.23 1 1
api/converters/converters.go:145.3,147.41 3 1
api/converters/converters.go:140.23,143.4 2 1
api/converters/converters.go:147.41,151.23 2 1
api/converters/converters.go:157.4,157.26 1 1
api/converters/converters.go:151.23,152.38 1 1
api/converters/converters.go:152.38,154.6 1 1
